0 info it worked if it ends with ok
1 verbose cli [ '/usr/local/bin/iojs', '/usr/local/bin/npm', 'publish' ]
2 info using npm@2.2.0
3 info using node@v1.0.3
4 verbose publish [ '.' ]
5 silly cache add args [ '.', null ]
6 verbose cache add spec .
7 silly cache add parsed spec { raw: '.',
7 silly cache add   scope: null,
7 silly cache add   name: null,
7 silly cache add   rawSpec: '.',
7 silly cache add   spec: '/Users/boiawang/work/back-end/play/node-orm-link',
7 silly cache add   type: 'directory' }
8 verbose addLocalDirectory /Users/boiawang/.npm/sequelize-db-export-import/0.0.1/package.tgz not in flight; packing
9 verbose tar pack [ '/Users/boiawang/.npm/sequelize-db-export-import/0.0.1/package.tgz',
9 verbose tar pack   '/Users/boiawang/work/back-end/play/node-orm-link' ]
10 verbose tarball /Users/boiawang/.npm/sequelize-db-export-import/0.0.1/package.tgz
11 verbose folder /Users/boiawang/work/back-end/play/node-orm-link
12 info prepublish sequelize-db-export-import@0.0.1
13 verbose addLocalTarball adding from inside cache /Users/boiawang/.npm/sequelize-db-export-import/0.0.1/package.tgz
14 silly cache afterAdd sequelize-db-export-import@0.0.1
15 verbose afterAdd /Users/boiawang/.npm/sequelize-db-export-import/0.0.1/package/package.json not in flight; writing
16 verbose afterAdd /Users/boiawang/.npm/sequelize-db-export-import/0.0.1/package/package.json written
17 silly publish { name: 'sequelize-db-export-import',
17 silly publish   version: '0.0.1',
17 silly publish   description: 'Generater models from mysql db or import tables from models files',
17 silly publish   main: 'index',
17 silly publish   bin: { 'seq-ei': './bin/www' },
17 silly publish   scripts: { test: 'make test' },
17 silly publish   keywords:
17 silly publish    [ 'node',
17 silly publish      'sequelize',
17 silly publish      'mysql',
17 silly publish      'link',
17 silly publish      'auto',
17 silly publish      'models',
17 silly publish      'orm',
17 silly publish      'coffee' ],
17 silly publish   repository: { type: 'git' },
17 silly publish   author: { name: 'Boia Wang', email: 'zhengwang2314@gmail.com' },
17 silly publish   license: 'MIT',
17 silly publish   dependencies:
17 silly publish    { commander: '^2.6.0',
17 silly publish      lodash: '^2.4.1',
17 silly publish      q: '^1.1.2',
17 silly publish      sequelize: '^2.0.0-rc8' },
17 silly publish   devDependencies: { mocha: '^2.1.0', mysql: '^2.5.4' },
17 silly publish   readme: '# Sequelize-DB-Export-Import\n\nGenerate models files from db\n\n## Install\n\n```\nnpm install -g sequelize-db-export-import\n```\n\n## Usage\n\n```\nseq-ei -d test\n\n-h, --help            output usage information\n-V, --version         output the version number\n-h, --host <n>        Host IP default: 127.0.0.1\n-u, --user <n>        Host User default: root\n-p, --password <n>    Host password. default: ""\n-d, --database <n>    Database name\n-o, --output <dir>    Select models dir\n-m, --dialect <n>     DB type\n-P, --port <n>        DB Port. default: 3306\n-c, --config <file>   Config file\n-e, --compile <type>  Model file type\n```\n\n',
17 silly publish   readmeFilename: 'Readme.md',
17 silly publish   gitHead: 'baabb110106dc5ace3eb8f56dec0df3bbf624ac3',
17 silly publish   _id: 'sequelize-db-export-import@0.0.1',
17 silly publish   _shasum: '16367198588fe57e89f1d41bc410ba67442431f8',
17 silly publish   _from: '.' }
18 silly mapToRegistry name sequelize-db-export-import
19 silly mapToRegistry using default registry
20 silly mapToRegistry registry https://registry.npmjs.org/
21 silly mapToRegistry uri https://registry.npmjs.org/sequelize-db-export-import
22 verbose publish registryBase https://registry.npmjs.org/
23 silly publish uploading /Users/boiawang/.npm/sequelize-db-export-import/0.0.1/package.tgz
24 verbose stack Error: auth required for publishing
24 verbose stack     at CachingRegistryClient.publish (/usr/local/lib/node_modules/npm/node_modules/npm-registry-client/lib/publish.js:24:14)
24 verbose stack     at /usr/local/lib/node_modules/npm/lib/publish.js:124:14
24 verbose stack     at mapToRegistry (/usr/local/lib/node_modules/npm/lib/utils/map-to-registry.js:55:3)
24 verbose stack     at publish_ (/usr/local/lib/node_modules/npm/lib/publish.js:104:3)
24 verbose stack     at Array.<anonymous> (/usr/local/lib/node_modules/npm/node_modules/slide/lib/bind-actor.js:15:8)
24 verbose stack     at LOOP (/usr/local/lib/node_modules/npm/node_modules/slide/lib/chain.js:15:14)
24 verbose stack     at LOOP (/usr/local/lib/node_modules/npm/node_modules/slide/lib/chain.js:14:28)
24 verbose stack     at chain (/usr/local/lib/node_modules/npm/node_modules/slide/lib/chain.js:20:5)
24 verbose stack     at /usr/local/lib/node_modules/npm/lib/publish.js:64:5
24 verbose stack     at RES (/usr/local/lib/node_modules/npm/node_modules/inflight/inflight.js:23:14)
25 verbose cwd /Users/boiawang/work/back-end/play/node-orm-link
26 error Darwin 14.0.0
27 error argv "/usr/local/bin/iojs" "/usr/local/bin/npm" "publish"
28 error node v1.0.3
29 error npm  v2.2.0
30 error code ENEEDAUTH
31 error need auth auth required for publishing
31 error need auth You need to authorize this machine using `npm adduser`
32 verbose exit [ 1, true ]
